==91996== Memcheck, a memory error detector
==91996== Copyright (C) 2002-2017, and GNU GPL'd, by Julian Seward et al.
==91996== Using Valgrind-3.17.0.GIT-lbmacos and LibVEX; rerun with -h for copyright info
==91996== Command: ./prog3
==91996== Parent PID: 91985
==91996== 
==91996== Invalid read of size 8
==91996==    at 0x100062CF6: cerror_nocancel (in /usr/lib/dyld)
==91996==    by 0x100063271: kdebug_is_enabled (in /usr/lib/dyld)
==91996==    by 0x10001BD23: dyld3::kdebug_trace_dyld_marker(unsigned int, dyld3::kt_arg, dyld3::kt_arg, dyld3::kt_arg, dyld3::kt_arg) (in /usr/lib/dyld)
==91996==    by 0x1000090C7: dyldbootstrap::start(dyld3::MachOLoaded const*, int, char const**, dyld3::MachOLoaded const*, unsigned long*) (in /usr/lib/dyld)
==91996==    by 0x100009024: _dyld_start (in /usr/lib/dyld)
==91996==  Address 0x8 is not stack'd, malloc'd or (recently) free'd
==91996== 
==91996== 
==91996== Process terminating with default action of signal 11 (SIGSEGV)
==91996==  Access not within mapped region at address 0x8
==91996==    at 0x100062CF6: cerror_nocancel (in /usr/lib/dyld)
==91996==    by 0x100063271: kdebug_is_enabled (in /usr/lib/dyld)
==91996==    by 0x10001BD23: dyld3::kdebug_trace_dyld_marker(unsigned int, dyld3::kt_arg, dyld3::kt_arg, dyld3::kt_arg, dyld3::kt_arg) (in /usr/lib/dyld)
==91996==    by 0x1000090C7: dyldbootstrap::start(dyld3::MachOLoaded const*, int, char const**, dyld3::MachOLoaded const*, unsigned long*) (in /usr/lib/dyld)
==91996==    by 0x100009024: _dyld_start (in /usr/lib/dyld)
==91996==  If you believe this happened as a result of a stack
==91996==  overflow in your program's main thread (unlikely but
==91996==  possible), you can try to increase the size of the
==91996==  main thread stack using the --main-stacksize= flag.
==91996==  The main thread stack size used in this run was 67104768.
==91996== 
==91996== HEAP SUMMARY:
==91996==     in use at exit: 0 bytes in 0 blocks
==91996==   total heap usage: 0 allocs, 0 frees, 0 bytes allocated
==91996== 
==91996== All heap blocks were freed -- no leaks are possible
==91996== 
==91996== For lists of detected and suppressed errors, rerun with: -s
==91996== ERROR SUMMARY: 1 errors from 1 contexts (suppressed: 0 from 0)
